<?xml version="1.0" encoding="UTF-8"?>
<!-- Generated by org.testng.reporters.JUnitReportReporter -->
<testsuite hostname="abhishek-PC" name="com.asda.groceries.testngscripts.Test_login_user" tests="1" failures="0" timestamp="2 Jan 2015 14:00:43 GMT" time="12.619" errors="0">
  <testcase name="login_test" time="12.619" classname="com.asda.groceries.testngscripts.Test_login_user"/>
</testsuite> <!-- com.asda.groceries.testngscripts.Test_login_user -->
